\BOOKMARK [0][-]{chapter.1}{\376\377\000E\000x\000e\000c\000u\000t\000i\000v\000e\000\040\000S\000u\000m\000m\000a\000r\000y}{}% 1
\BOOKMARK [1][-]{section.1.1}{\376\377\000T\000h\000e\000\040\000R\000e\000v\000o\000l\000u\000t\000i\000o\000n\000a\000r\000y\000\040\000O\000p\000p\000o\000r\000t\000u\000n\000i\000t\000y}{chapter.1}% 2
\BOOKMARK [1][-]{section.1.2}{\376\377\000W\000h\000y\000\040\000M\000I\000L\000O\000\040\000i\000s\000\040\000R\000e\000v\000o\000l\000u\000t\000i\000o\000n\000a\000r\000y}{chapter.1}% 3
\BOOKMARK [1][-]{section.1.3}{\376\377\000T\000h\000e\000\040\000N\000u\000m\000b\000e\000r\000s\000\040\000T\000h\000a\000t\000\040\000M\000a\000t\000t\000e\000r}{chapter.1}% 4
\BOOKMARK [1][-]{section.1.4}{\376\377\000I\000n\000v\000e\000s\000t\000m\000e\000n\000t\000\040\000A\000s\000k}{chapter.1}% 5
\BOOKMARK [0][-]{chapter.2}{\376\377\000T\000h\000e\000\040\000M\000I\000L\000O\000\040\000A\000p\000p\000l\000i\000c\000a\000t\000i\000o\000n}{}% 6
\BOOKMARK [1][-]{section.2.1}{\376\377\000C\000o\000r\000e\000\040\000F\000e\000a\000t\000u\000r\000e\000s}{chapter.2}% 7
\BOOKMARK [2][-]{subsection.2.1.1}{\376\377\000A\000I\000-\000P\000o\000w\000e\000r\000e\000d\000\040\000R\000e\000c\000e\000i\000p\000t\000\040\000S\000c\000a\000n\000n\000i\000n\000g}{section.2.1}% 8
\BOOKMARK [2][-]{subsection.2.1.2}{\376\377\000P\000r\000o\000p\000r\000i\000e\000t\000a\000r\000y\000\040\000H\000e\000a\000l\000t\000h\000\040\000S\000c\000o\000r\000i\000n\000g\000\040\000S\000y\000s\000t\000e\000m}{section.2.1}% 9
\BOOKMARK [2][-]{subsection.2.1.3}{\376\377\000S\000p\000e\000n\000d\000i\000n\000g\000\040\000A\000n\000a\000l\000y\000t\000i\000c\000s\000\040\000D\000a\000s\000h\000b\000o\000a\000r\000d}{section.2.1}% 10
\BOOKMARK [2][-]{subsection.2.1.4}{\376\377\000A\000I\000\040\000C\000h\000a\000t\000\040\000A\000s\000s\000i\000s\000t\000a\000n\000t\000\040\000\050\000`\000`\000M\000i\000l\000o\000'\000'\000\051}{section.2.1}% 11
\BOOKMARK [2][-]{subsection.2.1.5}{\376\377\000S\000m\000a\000r\000t\000\040\000B\000u\000d\000g\000e\000t\000\040\000M\000a\000n\000a\000g\000e\000m\000e\000n\000t}{section.2.1}% 12
\BOOKMARK [1][-]{section.2.2}{\376\377\000T\000e\000c\000h\000n\000i\000c\000a\000l\000\040\000A\000r\000c\000h\000i\000t\000e\000c\000t\000u\000r\000e}{chapter.2}% 13
\BOOKMARK [0][-]{chapter.3}{\376\377\000C\000o\000m\000p\000r\000e\000h\000e\000n\000s\000i\000v\000e\000\040\000C\000o\000m\000p\000e\000t\000i\000t\000o\000r\000\040\000A\000n\000a\000l\000y\000s\000i\000s}{}% 14
\BOOKMARK [1][-]{section.3.1}{\376\377\000M\000a\000r\000k\000e\000t\000\040\000L\000a\000n\000d\000s\000c\000a\000p\000e\000\040\000O\000v\000e\000r\000v\000i\000e\000w}{chapter.3}% 15
\BOOKMARK [1][-]{section.3.2}{\376\377\000B\000u\000d\000g\000e\000t\000\040\000A\000p\000p\000s\000\040\000C\000o\000m\000p\000a\000r\000i\000s\000o\000n}{chapter.3}% 16
\BOOKMARK [2][-]{subsection.3.2.1}{\376\377\000Y\000N\000A\000B\000\040\000\050\000Y\000o\000u\000\040\000N\000e\000e\000d\000\040\000A\000\040\000B\000u\000d\000g\000e\000t\000\051}{section.3.2}% 17
\BOOKMARK [2][-]{subsection.3.2.2}{\376\377\000C\000o\000p\000i\000l\000o\000t\000\040\000M\000o\000n\000e\000y}{section.3.2}% 18
\BOOKMARK [2][-]{subsection.3.2.3}{\376\377\000M\000o\000n\000a\000r\000c\000h\000\040\000M\000o\000n\000e\000y}{section.3.2}% 19
\BOOKMARK [2][-]{subsection.3.2.4}{\376\377\000P\000o\000c\000k\000e\000t\000G\000u\000a\000r\000d}{section.3.2}% 20
\BOOKMARK [1][-]{section.3.3}{\376\377\000R\000e\000c\000e\000i\000p\000t\000\040\000S\000c\000a\000n\000n\000i\000n\000g\000\040\000A\000p\000p\000s\000\040\000C\000o\000m\000p\000a\000r\000i\000s\000o\000n}{chapter.3}% 21
\BOOKMARK [2][-]{subsection.3.3.1}{\376\377\000F\000e\000t\000c\000h\000\040\000R\000e\000w\000a\000r\000d\000s}{section.3.3}% 22
\BOOKMARK [2][-]{subsection.3.3.2}{\376\377\000I\000b\000o\000t\000t\000a}{section.3.3}% 23
\BOOKMARK [1][-]{section.3.4}{\376\377\000H\000e\000a\000l\000t\000h\000\040\000A\000p\000p\000s\000\040\000C\000o\000m\000p\000a\000r\000i\000s\000o\000n}{chapter.3}% 24
\BOOKMARK [2][-]{subsection.3.4.1}{\376\377\000Y\000u\000k\000a\000\040\040\024\000\040\000S\000t\000r\000a\000t\000e\000g\000i\000c\000\040\000O\000p\000p\000o\000r\000t\000u\000n\000i\000t\000y}{section.3.4}% 25
\BOOKMARK [1][-]{section.3.5}{\376\377\000C\000o\000m\000p\000r\000e\000h\000e\000n\000s\000i\000v\000e\000\040\000F\000e\000a\000t\000u\000r\000e\000\040\000C\000o\000m\000p\000a\000r\000i\000s\000o\000n}{chapter.3}% 26
\BOOKMARK [1][-]{section.3.6}{\376\377\000P\000r\000i\000c\000i\000n\000g\000\040\000C\000o\000m\000p\000a\000r\000i\000s\000o\000n}{chapter.3}% 27
\BOOKMARK [1][-]{section.3.7}{\376\377\000M\000I\000L\000O\000'\000s\000\040\000C\000o\000m\000p\000e\000t\000i\000t\000i\000v\000e\000\040\000A\000d\000v\000a\000n\000t\000a\000g\000e\000s}{chapter.3}% 28
\BOOKMARK [1][-]{section.3.8}{\376\377\000C\000o\000m\000p\000e\000t\000i\000t\000i\000v\000e\000\040\000T\000h\000r\000e\000a\000t\000\040\000A\000s\000s\000e\000s\000s\000m\000e\000n\000t}{chapter.3}% 29
\BOOKMARK [0][-]{chapter.4}{\376\377\000M\000a\000r\000k\000e\000t\000\040\000O\000p\000p\000o\000r\000t\000u\000n\000i\000t\000y}{}% 30
\BOOKMARK [1][-]{section.4.1}{\376\377\000T\000o\000t\000a\000l\000\040\000A\000d\000d\000r\000e\000s\000s\000a\000b\000l\000e\000\040\000M\000a\000r\000k\000e\000t\000:\000\040\000\044\0002\0001\000.\0007\000B\000+}{chapter.4}% 31
\BOOKMARK [1][-]{section.4.2}{\376\377\000T\000a\000r\000g\000e\000t\000\040\000M\000a\000r\000k\000e\000t\000\040\000S\000e\000g\000m\000e\000n\000t\000s}{chapter.4}% 32
\BOOKMARK [1][-]{section.4.3}{\376\377\000W\000h\000y\000\040\000N\000o\000w\000:\000\040\000T\000h\000e\000\040\000P\000e\000r\000f\000e\000c\000t\000\040\000S\000t\000o\000r\000m}{chapter.4}% 33
\BOOKMARK [0][-]{chapter.5}{\376\377\000B\000u\000s\000i\000n\000e\000s\000s\000\040\000M\000o\000d\000e\000l\000\040\000\046\000\040\000R\000e\000v\000e\000n\000u\000e}{}% 34
\BOOKMARK [1][-]{section.5.1}{\376\377\000T\000h\000r\000e\000e\000-\000P\000i\000l\000l\000a\000r\000\040\000R\000e\000v\000e\000n\000u\000e\000\040\000A\000r\000c\000h\000i\000t\000e\000c\000t\000u\000r\000e}{chapter.5}% 35
\BOOKMARK [1][-]{section.5.2}{\376\377\000S\000u\000b\000s\000c\000r\000i\000p\000t\000i\000o\000n\000\040\000P\000r\000i\000c\000i\000n\000g}{chapter.5}% 36
\BOOKMARK [1][-]{section.5.3}{\376\377\000B\0002\000B\000\040\000D\000a\000t\000a\000\040\000M\000o\000n\000e\000t\000i\000z\000a\000t\000i\000o\000n}{chapter.5}% 37
\BOOKMARK [1][-]{section.5.4}{\376\377\000F\000i\000n\000a\000n\000c\000i\000a\000l\000\040\000P\000r\000o\000j\000e\000c\000t\000i\000o\000n\000s\000\040\000\050\000C\000o\000n\000s\000e\000r\000v\000a\000t\000i\000v\000e\000\040\000C\000a\000s\000e\000\051}{chapter.5}% 38
\BOOKMARK [0][-]{chapter.6}{\376\377\000R\000i\000s\000k\000\040\000A\000n\000a\000l\000y\000s\000i\000s\000\040\000\046\000\040\000M\000i\000t\000i\000g\000a\000t\000i\000o\000n}{}% 39
\BOOKMARK [1][-]{section.6.1}{\376\377\000K\000e\000y\000\040\000R\000i\000s\000k\000s\000\040\000\046\000\040\000M\000i\000t\000i\000g\000a\000t\000i\000o\000n\000s}{chapter.6}% 40
\BOOKMARK [1][-]{section.6.2}{\376\377\000S\000c\000e\000n\000a\000r\000i\000o\000\040\000A\000n\000a\000l\000y\000s\000i\000s}{chapter.6}% 41
\BOOKMARK [0][-]{chapter.7}{\376\377\000W\000h\000y\000\040\000K\000B\000C\000\040\000S\000t\000a\000r\000t\000\040\000I\000t}{}% 42
\BOOKMARK [1][-]{section.7.1}{\376\377\000S\000t\000r\000a\000t\000e\000g\000i\000c\000\040\000F\000i\000t\000\040\000w\000i\000t\000h\000\040\000K\000B\000C}{chapter.7}% 43
\BOOKMARK [1][-]{section.7.2}{\376\377\000I\000n\000v\000e\000s\000t\000m\000e\000n\000t\000\040\000R\000e\000t\000u\000r\000n\000\040\000P\000o\000t\000e\000n\000t\000i\000a\000l}{chapter.7}% 44
\BOOKMARK [1][-]{section.7.3}{\376\377\000T\000h\000e\000\040\000A\000s\000k}{chapter.7}% 45
